mode: atomic
github.com/broadinstitute/terra-helmfile-images/tools/internal/shell/real.go:13.34,15.2 1 3
github.com/broadinstitute/terra-helmfile-images/tools/internal/shell/real.go:18.45,22.22 3 3
github.com/broadinstitute/terra-helmfile-images/tools/internal/shell/real.go:25.2,33.16 6 3
github.com/broadinstitute/terra-helmfile-images/tools/internal/shell/real.go:38.2,38.12 1 1
github.com/broadinstitute/terra-helmfile-images/tools/internal/shell/real.go:22.22,24.3 1 3
github.com/broadinstitute/terra-helmfile-images/tools/internal/shell/real.go:33.16,36.3 2 2
github.com/broadinstitute/terra-helmfile-images/tools/internal/shell/real.go:53.69,58.2 1 0
github.com/broadinstitute/terra-helmfile-images/tools/internal/shell/interface.go:36.32,38.48 2 2
github.com/broadinstitute/terra-helmfile-images/tools/internal/shell/interface.go:44.2,44.66 1 1
github.com/broadinstitute/terra-helmfile-images/tools/internal/shell/interface.go:38.48,41.3 1 1
github.com/broadinstitute/terra-helmfile-images/tools/internal/shell/interface.go:56.40,63.2 5 5
github.com/broadinstitute/terra-helmfile-images/tools/internal/shellmock/matchers/string.go:14.53,16.2 1 835
github.com/broadinstitute/terra-helmfile-images/tools/internal/shellmock/matchers/string.go:18.41,20.2 1 27
github.com/broadinstitute/terra-helmfile-images/tools/internal/shellmock/matchers/string.go:23.44,25.39 1 86
github.com/broadinstitute/terra-helmfile-images/tools/internal/shellmock/matchers/string.go:25.39,27.4 1 346
github.com/broadinstitute/terra-helmfile-images/tools/internal/shellmock/matchers/string.go:28.27,30.4 1 12
github.com/broadinstitute/terra-helmfile-images/tools/internal/shellmock/matchers/string.go:35.59,37.39 1 5
github.com/broadinstitute/terra-helmfile-images/tools/internal/shellmock/matchers/string.go:37.39,39.4 1 29
github.com/broadinstitute/terra-helmfile-images/tools/internal/shellmock/matchers/string.go:40.27,42.4 1 2
github.com/broadinstitute/terra-helmfile-images/tools/internal/shellmock/matchers/string.go:47.86,50.27 1 3
github.com/broadinstitute/terra-helmfile-images/tools/internal/shellmock/matchers/string.go:50.27,52.4 1 2
github.com/broadinstitute/terra-helmfile-images/tools/internal/shellmock/matchers/string.go:57.46,59.39 1 5
github.com/broadinstitute/terra-helmfile-images/tools/internal/shellmock/matchers/string.go:59.39,61.4 1 21
github.com/broadinstitute/terra-helmfile-images/tools/internal/shellmock/matchers/string.go:62.27,64.4 1 2
github.com/broadinstitute/terra-helmfile-images/tools/internal/shellmock/matchers/string.go:69.32,71.32 1 69
github.com/broadinstitute/terra-helmfile-images/tools/internal/shellmock/matchers/string.go:71.32,73.4 1 418
github.com/broadinstitute/terra-helmfile-images/tools/internal/shellmock/matchers/string.go:74.27,76.4 1 8
github.com/broadinstitute/terra-helmfile-images/tools/internal/shellmock/matchers/string.go:81.27,83.32 1 1
github.com/broadinstitute/terra-helmfile-images/tools/internal/shellmock/matchers/string.go:83.32,85.4 1 2
github.com/broadinstitute/terra-helmfile-images/tools/internal/shellmock/matchers/string.go:86.27,88.4 1 1
github.com/broadinstitute/terra-helmfile-images/tools/internal/shellmock/matchers/string.go:93.41,95.39 1 2
github.com/broadinstitute/terra-helmfile-images/tools/internal/shellmock/matchers/string.go:95.39,97.4 1 19
github.com/broadinstitute/terra-helmfile-images/tools/internal/shellmock/matchers/string.go:98.27,100.4 1 1
github.com/broadinstitute/terra-helmfile-images/tools/internal/shellmock/matchers/string.go:105.58,106.34 1 77
github.com/broadinstitute/terra-helmfile-images/tools/internal/shellmock/matchers/string.go:107.14,108.23 1 37
github.com/broadinstitute/terra-helmfile-images/tools/internal/shellmock/matchers/string.go:109.22,110.30 1 3
github.com/broadinstitute/terra-helmfile-images/tools/internal/shellmock/matchers/string.go:111.21,112.15 1 37
github.com/broadinstitute/terra-helmfile-images/tools/internal/shellmock/matchers/string.go:113.10,114.71 1 0
github.com/broadinstitute/terra-helmfile-images/tools/internal/shellmock/matchers/cmd.go:27.34,32.2 4 37
github.com/broadinstitute/terra-helmfile-images/tools/internal/shellmock/matchers/cmd.go:35.27,41.2 5 25
github.com/broadinstitute/terra-helmfile-images/tools/internal/shellmock/matchers/cmd.go:51.69,58.2 6 3
github.com/broadinstitute/terra-helmfile-images/tools/internal/shellmock/matchers/cmd.go:70.45,73.32 2 9
github.com/broadinstitute/terra-helmfile-images/tools/internal/shellmock/matchers/cmd.go:80.2,86.20 5 9
github.com/broadinstitute/terra-helmfile-images/tools/internal/shellmock/matchers/cmd.go:89.2,89.27 1 9
github.com/broadinstitute/terra-helmfile-images/tools/internal/shellmock/matchers/cmd.go:92.2,92.17 1 9
github.com/broadinstitute/terra-helmfile-images/tools/internal/shellmock/matchers/cmd.go:97.2,97.16 1 9
github.com/broadinstitute/terra-helmfile-images/tools/internal/shellmock/matchers/cmd.go:73.32,74.38 1 15
github.com/broadinstitute/terra-helmfile-images/tools/internal/shellmock/matchers/cmd.go:74.38,76.9 1 7
github.com/broadinstitute/terra-helmfile-images/tools/internal/shellmock/matchers/cmd.go:86.20,88.3 1 5
github.com/broadinstitute/terra-helmfile-images/tools/internal/shellmock/matchers/cmd.go:89.27,91.3 1 7
github.com/broadinstitute/terra-helmfile-images/tools/internal/shellmock/matchers/cmd.go:92.17,95.3 2 4
github.com/broadinstitute/terra-helmfile-images/tools/internal/shellmock/matchers/cmd.go:110.44,112.2 1 1
github.com/broadinstitute/terra-helmfile-images/tools/internal/shellmock/matchers/cmd.go:124.65,127.2 2 1
github.com/broadinstitute/terra-helmfile-images/tools/internal/shellmock/matchers/cmd.go:133.64,136.2 2 42
github.com/broadinstitute/terra-helmfile-images/tools/internal/shellmock/matchers/cmd.go:143.73,145.35 2 8
github.com/broadinstitute/terra-helmfile-images/tools/internal/shellmock/matchers/cmd.go:148.2,150.10 3 8
github.com/broadinstitute/terra-helmfile-images/tools/internal/shellmock/matchers/cmd.go:145.35,147.3 1 11
github.com/broadinstitute/terra-helmfile-images/tools/internal/shellmock/matchers/cmd.go:160.76,162.36 1 7
github.com/broadinstitute/terra-helmfile-images/tools/internal/shellmock/matchers/cmd.go:166.2,167.35 2 7
github.com/broadinstitute/terra-helmfile-images/tools/internal/shellmock/matchers/cmd.go:173.2,173.10 1 7
github.com/broadinstitute/terra-helmfile-images/tools/internal/shellmock/matchers/cmd.go:162.36,164.3 1 3
github.com/broadinstitute/terra-helmfile-images/tools/internal/shellmock/matchers/cmd.go:167.35,169.3 1 1
github.com/broadinstitute/terra-helmfile-images/tools/internal/shellmock/matchers/cmd.go:169.8,171.3 1 6
github.com/broadinstitute/terra-helmfile-images/tools/internal/shellmock/matchers/cmd.go:180.68,182.29 2 5
github.com/broadinstitute/terra-helmfile-images/tools/internal/shellmock/matchers/cmd.go:190.2,192.10 3 5
github.com/broadinstitute/terra-helmfile-images/tools/internal/shellmock/matchers/cmd.go:182.29,189.3 3 8
github.com/broadinstitute/terra-helmfile-images/tools/internal/shellmock/matchers/cmd.go:199.79,206.2 3 13
github.com/broadinstitute/terra-helmfile-images/tools/internal/shellmock/matchers/cmd.go:209.63,212.2 2 4
github.com/broadinstitute/terra-helmfile-images/tools/internal/shellmock/matchers/cmd.go:215.54,217.41 1 545
github.com/broadinstitute/terra-helmfile-images/tools/internal/shellmock/matchers/cmd.go:222.2,222.25 1 397
github.com/broadinstitute/terra-helmfile-images/tools/internal/shellmock/matchers/cmd.go:227.2,227.28 1 299
github.com/broadinstitute/terra-helmfile-images/tools/internal/shellmock/matchers/cmd.go:232.2,232.39 1 169
github.com/broadinstitute/terra-helmfile-images/tools/internal/shellmock/matchers/cmd.go:236.2,236.13 1 125
github.com/broadinstitute/terra-helmfile-images/tools/internal/shellmock/matchers/cmd.go:217.41,219.3 1 148
github.com/broadinstitute/terra-helmfile-images/tools/internal/shellmock/matchers/cmd.go:222.25,224.3 1 98
github.com/broadinstitute/terra-helmfile-images/tools/internal/shellmock/matchers/cmd.go:227.28,229.3 1 130
github.com/broadinstitute/terra-helmfile-images/tools/internal/shellmock/matchers/cmd.go:232.39,234.3 1 44
github.com/broadinstitute/terra-helmfile-images/tools/internal/shellmock/matchers/cmd.go:241.55,244.2 2 10
github.com/broadinstitute/terra-helmfile-images/tools/internal/shellmock/matchers/cmd.go:248.54,251.2 2 25
github.com/broadinstitute/terra-helmfile-images/tools/internal/shellmock/matchers/cmd.go:255.52,258.2 2 12
github.com/broadinstitute/terra-helmfile-images/tools/internal/shellmock/matchers/cmd.go:262.51,265.2 2 25
github.com/broadinstitute/terra-helmfile-images/tools/internal/shellmock/matchers/cmd.go:269.44,275.37 4 5
github.com/broadinstitute/terra-helmfile-images/tools/internal/shellmock/matchers/cmd.go:278.2,278.22 1 5
github.com/broadinstitute/terra-helmfile-images/tools/internal/shellmock/matchers/cmd.go:282.2,283.46 2 5
github.com/broadinstitute/terra-helmfile-images/tools/internal/shellmock/matchers/cmd.go:286.2,286.25 1 5
github.com/broadinstitute/terra-helmfile-images/tools/internal/shellmock/matchers/cmd.go:290.2,292.12 2 5
github.com/broadinstitute/terra-helmfile-images/tools/internal/shellmock/matchers/cmd.go:275.37,277.3 1 5
github.com/broadinstitute/terra-helmfile-images/tools/internal/shellmock/matchers/cmd.go:278.22,280.3 1 2
github.com/broadinstitute/terra-helmfile-images/tools/internal/shellmock/matchers/cmd.go:283.46,285.3 1 5
github.com/broadinstitute/terra-helmfile-images/tools/internal/shellmock/matchers/cmd.go:286.25,288.3 1 2
github.com/broadinstitute/terra-helmfile-images/tools/internal/shellmock/matchers/cmd.go:296.58,297.43 1 397
github.com/broadinstitute/terra-helmfile-images/tools/internal/shellmock/matchers/cmd.go:301.2,301.64 1 342
github.com/broadinstitute/terra-helmfile-images/tools/internal/shellmock/matchers/cmd.go:305.2,305.31 1 309
github.com/broadinstitute/terra-helmfile-images/tools/internal/shellmock/matchers/cmd.go:315.2,315.13 1 299
github.com/broadinstitute/terra-helmfile-images/tools/internal/shellmock/matchers/cmd.go:297.43,300.3 1 55
github.com/broadinstitute/terra-helmfile-images/tools/internal/shellmock/matchers/cmd.go:301.64,304.3 1 33
github.com/broadinstitute/terra-helmfile-images/tools/internal/shellmock/matchers/cmd.go:305.31,306.33 1 192
github.com/broadinstitute/terra-helmfile-images/tools/internal/shellmock/matchers/cmd.go:309.3,310.31 2 47
github.com/broadinstitute/terra-helmfile-images/tools/internal/shellmock/matchers/cmd.go:306.33,307.9 1 145
github.com/broadinstitute/terra-helmfile-images/tools/internal/shellmock/matchers/cmd.go:310.31,312.4 1 10
github.com/broadinstitute/terra-helmfile-images/tools/internal/shellmock/matchers/cmd.go:319.61,323.31 2 299
github.com/broadinstitute/terra-helmfile-images/tools/internal/shellmock/matchers/cmd.go:328.2,328.42 1 299
github.com/broadinstitute/terra-helmfile-images/tools/internal/shellmock/matchers/cmd.go:333.2,333.42 1 199
github.com/broadinstitute/terra-helmfile-images/tools/internal/shellmock/matchers/cmd.go:343.2,343.46 1 186
github.com/broadinstitute/terra-helmfile-images/tools/internal/shellmock/matchers/cmd.go:355.2,355.13 1 169
github.com/broadinstitute/terra-helmfile-images/tools/internal/shellmock/matchers/cmd.go:323.31,326.3 2 352
github.com/broadinstitute/terra-helmfile-images/tools/internal/shellmock/matchers/cmd.go:328.42,331.3 1 100
github.com/broadinstitute/terra-helmfile-images/tools/internal/shellmock/matchers/cmd.go:333.42,335.27 1 100
github.com/broadinstitute/terra-helmfile-images/tools/internal/shellmock/matchers/cmd.go:335.27,338.4 1 13
github.com/broadinstitute/terra-helmfile-images/tools/internal/shellmock/matchers/cmd.go:343.46,345.19 2 70
github.com/broadinstitute/terra-helmfile-images/tools/internal/shellmock/matchers/cmd.go:349.3,349.46 1 60
github.com/broadinstitute/terra-helmfile-images/tools/internal/shellmock/matchers/cmd.go:345.19,348.4 1 10
github.com/broadinstitute/terra-helmfile-images/tools/internal/shellmock/matchers/cmd.go:349.46,352.4 1 7
github.com/broadinstitute/terra-helmfile-images/tools/internal/shellmock/matchers/cmd.go:365.60,369.21 4 360
github.com/broadinstitute/terra-helmfile-images/tools/internal/shellmock/matchers/cmd.go:372.2,372.8 1 360
github.com/broadinstitute/terra-helmfile-images/tools/internal/shellmock/matchers/cmd.go:369.21,371.3 1 360
github.com/broadinstitute/terra-helmfile-images/tools/internal/shellmock/matchers/cmd.go:376.42,378.19 2 4
github.com/broadinstitute/terra-helmfile-images/tools/internal/shellmock/matchers/cmd.go:381.2,381.16 1 4
github.com/broadinstitute/terra-helmfile-images/tools/internal/shellmock/matchers/cmd.go:378.19,380.3 1 8
github.com/broadinstitute/terra-helmfile-images/tools/internal/shellmock/mock.go:54.38,59.2 2 6
github.com/broadinstitute/terra-helmfile-images/tools/internal/shellmock/mock.go:62.49,66.2 3 10
github.com/broadinstitute/terra-helmfile-images/tools/internal/shellmock/mock.go:69.69,74.2 1 11
github.com/broadinstitute/terra-helmfile-images/tools/internal/shellmock/mock.go:77.51,80.19 3 17
github.com/broadinstitute/terra-helmfile-images/tools/internal/shellmock/mock.go:83.2,83.12 1 15
github.com/broadinstitute/terra-helmfile-images/tools/internal/shellmock/mock.go:80.19,82.3 1 1
github.com/broadinstitute/terra-helmfile-images/tools/internal/shellmock/mock.go:100.65,104.34 3 24
github.com/broadinstitute/terra-helmfile-images/tools/internal/shellmock/mock.go:118.2,121.44 3 24
github.com/broadinstitute/terra-helmfile-images/tools/internal/shellmock/mock.go:105.28,107.74 2 20
github.com/broadinstitute/terra-helmfile-images/tools/internal/shellmock/mock.go:110.21,112.29 2 4
github.com/broadinstitute/terra-helmfile-images/tools/internal/shellmock/mock.go:113.10,115.13 2 0
github.com/broadinstitute/terra-helmfile-images/tools/internal/shellmock/mock.go:107.74,109.4 1 107
github.com/broadinstitute/terra-helmfile-images/tools/internal/shellmock/mock.go:121.44,122.28 1 17
github.com/broadinstitute/terra-helmfile-images/tools/internal/shellmock/mock.go:138.3,138.17 1 16
github.com/broadinstitute/terra-helmfile-images/tools/internal/shellmock/mock.go:122.28,123.29 1 15
github.com/broadinstitute/terra-helmfile-images/tools/internal/shellmock/mock.go:123.29,124.47 1 1
github.com/broadinstitute/terra-helmfile-images/tools/internal/shellmock/mock.go:124.47,134.6 2 1
github.com/broadinstitute/terra-helmfile-images/tools/internal/shellmock/mock.go:148.41,150.19 2 6
github.com/broadinstitute/terra-helmfile-images/tools/internal/shellmock/mock.go:157.2,157.16 1 6
github.com/broadinstitute/terra-helmfile-images/tools/internal/shellmock/mock.go:150.19,151.17 1 6
github.com/broadinstitute/terra-helmfile-images/tools/internal/shellmock/mock.go:151.17,152.56 1 0
github.com/broadinstitute/terra-helmfile-images/tools/internal/shellmock/mock.go:152.56,154.5 1 0
github.com/broadinstitute/terra-helmfile-images/tools/internal/shellmock/mock.go:160.58,161.71 1 3
github.com/broadinstitute/terra-helmfile-images/tools/internal/shellmock/mock.go:164.2,164.40 1 3
github.com/broadinstitute/terra-helmfile-images/tools/internal/shellmock/mock.go:170.2,170.12 1 3
github.com/broadinstitute/terra-helmfile-images/tools/internal/shellmock/mock.go:161.71,163.3 1 0
github.com/broadinstitute/terra-helmfile-images/tools/internal/shellmock/mock.go:164.40,165.53 1 6
github.com/broadinstitute/terra-helmfile-images/tools/internal/shellmock/mock.go:165.53,167.4 1 0
github.com/broadinstitute/terra-helmfile-images/tools/internal/shellmock/mock.go:173.94,175.29 2 6
github.com/broadinstitute/terra-helmfile-images/tools/internal/shellmock/mock.go:204.2,204.12 1 6
github.com/broadinstitute/terra-helmfile-images/tools/internal/shellmock/mock.go:176.15,177.72 1 2
github.com/broadinstitute/terra-helmfile-images/tools/internal/shellmock/mock.go:180.14,181.86 1 2
github.com/broadinstitute/terra-helmfile-images/tools/internal/shellmock/mock.go:184.12,185.86 1 2
github.com/broadinstitute/terra-helmfile-images/tools/internal/shellmock/mock.go:189.3,197.44 3 2
github.com/broadinstitute/terra-helmfile-images/tools/internal/shellmock/mock.go:201.3,201.16 1 2
github.com/broadinstitute/terra-helmfile-images/tools/internal/shellmock/mock.go:177.72,179.4 1 0
github.com/broadinstitute/terra-helmfile-images/tools/internal/shellmock/mock.go:181.86,183.4 1 0
github.com/broadinstitute/terra-helmfile-images/tools/internal/shellmock/mock.go:185.86,187.4 1 0
github.com/broadinstitute/terra-helmfile-images/tools/internal/shellmock/mock.go:197.44,199.4 1 0
github.com/broadinstitute/terra-helmfile-images/tools/internal/shellmock/mock.go:207.48,208.16 1 1
github.com/broadinstitute/terra-helmfile-images/tools/internal/shellmock/mock.go:211.2,212.15 2 0
github.com/broadinstitute/terra-helmfile-images/tools/internal/shellmock/mock.go:208.16,209.13 1 1
github.com/broadinstitute/terra-helmfile-images/tools/internal/chartfetch/cmd.go:47.13,49.2 1 1
github.com/broadinstitute/terra-helmfile-images/tools/internal/chartfetch/cmd.go:52.16,54.16 2 0
github.com/broadinstitute/terra-helmfile-images/tools/internal/chartfetch/cmd.go:59.2,59.47 1 0
github.com/broadinstitute/terra-helmfile-images/tools/internal/chartfetch/cmd.go:54.16,57.3 2 0
github.com/broadinstitute/terra-helmfile-images/tools/internal/chartfetch/cmd.go:59.47,62.3 2 0
github.com/broadinstitute/terra-helmfile-images/tools/internal/chartfetch/cmd.go:66.48,81.55 2 6
github.com/broadinstitute/terra-helmfile-images/tools/internal/chartfetch/cmd.go:86.2,88.65 3 6
github.com/broadinstitute/terra-helmfile-images/tools/internal/chartfetch/cmd.go:91.2,91.70 1 6
github.com/broadinstitute/terra-helmfile-images/tools/internal/chartfetch/cmd.go:95.2,95.26 1 6
github.com/broadinstitute/terra-helmfile-images/tools/internal/chartfetch/cmd.go:81.55,83.4 1 3
github.com/broadinstitute/terra-helmfile-images/tools/internal/chartfetch/cmd.go:88.65,90.3 1 0
github.com/broadinstitute/terra-helmfile-images/tools/internal/chartfetch/cmd.go:91.70,93.3 1 0
github.com/broadinstitute/terra-helmfile-images/tools/internal/chartfetch/cmd.go:99.55,101.86 1 3
github.com/broadinstitute/terra-helmfile-images/tools/internal/chartfetch/cmd.go:105.2,108.62 2 2
github.com/broadinstitute/terra-helmfile-images/tools/internal/chartfetch/cmd.go:112.2,118.50 2 2
github.com/broadinstitute/terra-helmfile-images/tools/internal/chartfetch/cmd.go:101.86,103.3 1 1
github.com/broadinstitute/terra-helmfile-images/tools/internal/chartfetch/cmd.go:108.62,110.3 1 0
github.com/broadinstitute/terra-helmfile-images/tools/internal/chartfetch/cmd.go:118.50,121.87 1 2
github.com/broadinstitute/terra-helmfile-images/tools/internal/chartfetch/cmd.go:126.3,128.98 3 2
github.com/broadinstitute/terra-helmfile-images/tools/internal/chartfetch/cmd.go:135.3,136.17 2 1
github.com/broadinstitute/terra-helmfile-images/tools/internal/chartfetch/cmd.go:139.3,139.22 1 1
github.com/broadinstitute/terra-helmfile-images/tools/internal/chartfetch/cmd.go:143.3,145.65 3 1
github.com/broadinstitute/terra-helmfile-images/tools/internal/chartfetch/cmd.go:149.3,149.45 1 1
github.com/broadinstitute/terra-helmfile-images/tools/internal/chartfetch/cmd.go:153.3,153.13 1 1
github.com/broadinstitute/terra-helmfile-images/tools/internal/chartfetch/cmd.go:121.87,123.4 1 0
github.com/broadinstitute/terra-helmfile-images/tools/internal/chartfetch/cmd.go:128.98,130.4 1 1
github.com/broadinstitute/terra-helmfile-images/tools/internal/chartfetch/cmd.go:136.17,138.4 1 0
github.com/broadinstitute/terra-helmfile-images/tools/internal/chartfetch/cmd.go:139.22,141.4 1 0
github.com/broadinstitute/terra-helmfile-images/tools/internal/chartfetch/cmd.go:145.65,147.4 1 0
github.com/broadinstitute/terra-helmfile-images/tools/internal/chartfetch/cmd.go:149.45,151.4 1 0
github.com/broadinstitute/terra-helmfile-images/tools/internal/chartfetch/cmd.go:159.56,160.41 1 5
github.com/broadinstitute/terra-helmfile-images/tools/internal/chartfetch/cmd.go:160.41,163.3 2 1
github.com/broadinstitute/terra-helmfile-images/tools/internal/chartfetch/cmd.go:163.8,163.43 1 4
github.com/broadinstitute/terra-helmfile-images/tools/internal/chartfetch/cmd.go:163.43,165.3 1 4
github.com/broadinstitute/terra-helmfile-images/tools/internal/chartfetch/cmd.go:165.8,167.3 1 0
github.com/broadinstitute/terra-helmfile-images/tools/internal/chartfetch/cmd.go:182.69,188.12 5 6
github.com/broadinstitute/terra-helmfile-images/tools/internal/chartfetch/cmd.go:192.2,193.39 2 6
github.com/broadinstitute/terra-helmfile-images/tools/internal/chartfetch/cmd.go:188.12,190.3 1 6
github.com/broadinstitute/terra-helmfile-images/tools/internal/chartfetch/cmd.go:197.20,200.2 2 1
github.com/broadinstitute/terra-helmfile-images/tools/internal/render/render.go:55.51,60.16 4 26
github.com/broadinstitute/terra-helmfile-images/tools/internal/render/render.go:63.2,66.25 3 20
github.com/broadinstitute/terra-helmfile-images/tools/internal/render/render.go:70.2,70.20 1 20
github.com/broadinstitute/terra-helmfile-images/tools/internal/render/render.go:60.16,62.3 1 6
github.com/broadinstitute/terra-helmfile-images/tools/internal/render/render.go:66.25,68.3 1 1
github.com/broadinstitute/terra-helmfile-images/tools/internal/render/render.go:74.47,75.22 1 20
github.com/broadinstitute/terra-helmfile-images/tools/internal/render/render.go:80.2,80.64 1 19
github.com/broadinstitute/terra-helmfile-images/tools/internal/render/render.go:86.2,92.16 3 0
github.com/broadinstitute/terra-helmfile-images/tools/internal/render/render.go:96.2,96.27 1 0
github.com/broadinstitute/terra-helmfile-images/tools/internal/render/render.go:106.2,106.12 1 0
github.com/broadinstitute/terra-helmfile-images/tools/internal/render/render.go:75.22,78.3 1 1
github.com/broadinstitute/terra-helmfile-images/tools/internal/render/render.go:80.64,83.3 1 19
github.com/broadinstitute/terra-helmfile-images/tools/internal/render/render.go:92.16,94.3 1 0
github.com/broadinstitute/terra-helmfile-images/tools/internal/render/render.go:96.27,101.17 4 0
github.com/broadinstitute/terra-helmfile-images/tools/internal/render/render.go:101.17,103.4 1 0
github.com/broadinstitute/terra-helmfile-images/tools/internal/render/render.go:110.37,113.2 2 20
github.com/broadinstitute/terra-helmfile-images/tools/internal/render/render.go:116.36,118.16 2 19
github.com/broadinstitute/terra-helmfile-images/tools/internal/render/render.go:122.2,124.33 2 17
github.com/broadinstitute/terra-helmfile-images/tools/internal/render/render.go:131.2,131.56 1 16
github.com/broadinstitute/terra-helmfile-images/tools/internal/render/render.go:118.16,120.3 1 2
github.com/broadinstitute/terra-helmfile-images/tools/internal/render/render.go:124.33,126.17 2 25
github.com/broadinstitute/terra-helmfile-images/tools/internal/render/render.go:126.17,128.4 1 1
github.com/broadinstitute/terra-helmfile-images/tools/internal/render/render.go:135.75,139.16 3 26
github.com/broadinstitute/terra-helmfile-images/tools/internal/render/render.go:143.2,144.16 2 22
github.com/broadinstitute/terra-helmfile-images/tools/internal/render/render.go:148.2,148.37 1 21
github.com/broadinstitute/terra-helmfile-images/tools/internal/render/render.go:152.2,152.37 1 21
github.com/broadinstitute/terra-helmfile-images/tools/internal/render/render.go:159.2,159.21 1 20
github.com/broadinstitute/terra-helmfile-images/tools/internal/render/render.go:139.16,141.3 1 4
github.com/broadinstitute/terra-helmfile-images/tools/internal/render/render.go:144.16,146.3 1 1
github.com/broadinstitute/terra-helmfile-images/tools/internal/render/render.go:148.37,150.3 1 63
github.com/broadinstitute/terra-helmfile-images/tools/internal/render/render.go:152.37,153.39 1 41
github.com/broadinstitute/terra-helmfile-images/tools/internal/render/render.go:156.3,156.25 1 40
github.com/broadinstitute/terra-helmfile-images/tools/internal/render/render.go:153.39,155.4 1 1
github.com/broadinstitute/terra-helmfile-images/tools/internal/render/render.go:163.80,167.2 2 26
github.com/broadinstitute/terra-helmfile-images/tools/internal/render/render.go:170.76,174.2 2 22
github.com/broadinstitute/terra-helmfile-images/tools/internal/render/render.go:177.150,180.46 2 48
github.com/broadinstitute/terra-helmfile-images/tools/internal/render/render.go:184.2,185.16 2 46
github.com/broadinstitute/terra-helmfile-images/tools/internal/render/render.go:189.2,189.23 1 46
github.com/broadinstitute/terra-helmfile-images/tools/internal/render/render.go:193.2,193.35 1 45
github.com/broadinstitute/terra-helmfile-images/tools/internal/render/render.go:206.2,206.21 1 43
github.com/broadinstitute/terra-helmfile-images/tools/internal/render/render.go:180.46,182.3 1 2
github.com/broadinstitute/terra-helmfile-images/tools/internal/render/render.go:185.16,187.3 1 0
github.com/broadinstitute/terra-helmfile-images/tools/internal/render/render.go:189.23,191.3 1 1
github.com/broadinstitute/terra-helmfile-images/tools/internal/render/render.go:193.35,199.49 4 115
github.com/broadinstitute/terra-helmfile-images/tools/internal/render/render.go:203.3,203.34 1 113
github.com/broadinstitute/terra-helmfile-images/tools/internal/render/render.go:199.49,201.4 1 2
github.com/broadinstitute/terra-helmfile-images/tools/internal/render/render.go:210.56,212.26 1 19
github.com/broadinstitute/terra-helmfile-images/tools/internal/render/render.go:221.2,221.30 1 5
github.com/broadinstitute/terra-helmfile-images/tools/internal/render/render.go:231.2,232.42 2 2
github.com/broadinstitute/terra-helmfile-images/tools/internal/render/render.go:237.2,239.21 2 2
github.com/broadinstitute/terra-helmfile-images/tools/internal/render/render.go:212.26,215.10 2 14
github.com/broadinstitute/terra-helmfile-images/tools/internal/render/render.go:218.3,218.35 1 13
github.com/broadinstitute/terra-helmfile-images/tools/internal/render/render.go:215.10,217.4 1 1
github.com/broadinstitute/terra-helmfile-images/tools/internal/render/render.go:221.30,224.10 2 3
github.com/broadinstitute/terra-helmfile-images/tools/internal/render/render.go:227.3,227.39 1 2
github.com/broadinstitute/terra-helmfile-images/tools/internal/render/render.go:224.10,226.4 1 1
github.com/broadinstitute/terra-helmfile-images/tools/internal/render/render.go:232.42,234.3 1 10
github.com/broadinstitute/terra-helmfile-images/tools/internal/render/render.go:243.65,253.25 5 25
github.com/broadinstitute/terra-helmfile-images/tools/internal/render/render.go:257.2,258.27 2 25
github.com/broadinstitute/terra-helmfile-images/tools/internal/render/render.go:263.2,266.39 2 25
github.com/broadinstitute/terra-helmfile-images/tools/internal/render/render.go:271.2,271.36 1 25
github.com/broadinstitute/terra-helmfile-images/tools/internal/render/render.go:275.2,275.23 1 25
github.com/broadinstitute/terra-helmfile-images/tools/internal/render/render.go:282.2,282.40 1 25
github.com/broadinstitute/terra-helmfile-images/tools/internal/render/render.go:253.25,255.3 1 25
github.com/broadinstitute/terra-helmfile-images/tools/internal/render/render.go:258.27,260.3 1 3
github.com/broadinstitute/terra-helmfile-images/tools/internal/render/render.go:266.39,269.3 1 24
github.com/broadinstitute/terra-helmfile-images/tools/internal/render/render.go:271.36,273.3 1 2
github.com/broadinstitute/terra-helmfile-images/tools/internal/render/render.go:275.23,280.3 1 24
github.com/broadinstitute/terra-helmfile-images/tools/internal/render/render.go:285.70,298.2 8 45
github.com/broadinstitute/terra-helmfile-images/tools/internal/render/render.go:302.52,308.2 1 25
github.com/broadinstitute/terra-helmfile-images/tools/internal/render/render.go:311.53,314.31 2 25
github.com/broadinstitute/terra-helmfile-images/tools/internal/render/render.go:322.2,322.33 1 25
github.com/broadinstitute/terra-helmfile-images/tools/internal/render/render.go:327.2,327.20 1 25
github.com/broadinstitute/terra-helmfile-images/tools/internal/render/render.go:314.31,317.3 2 1
github.com/broadinstitute/terra-helmfile-images/tools/internal/render/render.go:317.8,317.42 1 24
github.com/broadinstitute/terra-helmfile-images/tools/internal/render/render.go:317.42,320.3 2 1
github.com/broadinstitute/terra-helmfile-images/tools/internal/render/render.go:322.33,325.3 2 2
github.com/broadinstitute/terra-helmfile-images/tools/internal/render/render.go:331.51,334.26 3 25
github.com/broadinstitute/terra-helmfile-images/tools/internal/render/render.go:339.2,339.30 1 25
github.com/broadinstitute/terra-helmfile-images/tools/internal/render/render.go:344.2,344.18 1 25
github.com/broadinstitute/terra-helmfile-images/tools/internal/render/render.go:334.26,337.3 1 8
github.com/broadinstitute/terra-helmfile-images/tools/internal/render/render.go:339.30,342.3 1 7
github.com/broadinstitute/terra-helmfile-images/tools/internal/render/render.go:355.57,357.16 2 17
github.com/broadinstitute/terra-helmfile-images/tools/internal/render/render.go:361.2,361.34 1 17
github.com/broadinstitute/terra-helmfile-images/tools/internal/render/render.go:375.2,375.12 1 17
github.com/broadinstitute/terra-helmfile-images/tools/internal/render/render.go:357.16,359.3 1 0
github.com/broadinstitute/terra-helmfile-images/tools/internal/render/render.go:361.34,370.52 7 3
github.com/broadinstitute/terra-helmfile-images/tools/internal/render/render.go:370.52,372.4 1 0
github.com/broadinstitute/terra-helmfile-images/tools/internal/render/render.go:380.56,382.26 2 28
github.com/broadinstitute/terra-helmfile-images/tools/internal/render/render.go:387.2,389.34 2 28
github.com/broadinstitute/terra-helmfile-images/tools/internal/render/render.go:382.26,384.3 1 36
github.com/broadinstitute/terra-helmfile-images/tools/internal/render/target.go:28.50,29.46 1 2
github.com/broadinstitute/terra-helmfile-images/tools/internal/render/target.go:29.46,30.45 1 13
github.com/broadinstitute/terra-helmfile-images/tools/internal/render/target.go:33.3,33.45 1 6
github.com/broadinstitute/terra-helmfile-images/tools/internal/render/target.go:36.3,36.47 1 2
github.com/broadinstitute/terra-helmfile-images/tools/internal/render/target.go:30.45,32.4 1 7
github.com/broadinstitute/terra-helmfile-images/tools/internal/render/target.go:33.45,35.4 1 4
github.com/broadinstitute/terra-helmfile-images/tools/internal/render/target.go:47.60,49.2 1 73
github.com/broadinstitute/terra-helmfile-images/tools/internal/render/target.go:53.68,55.2 1 70
github.com/broadinstitute/terra-helmfile-images/tools/internal/render/target.go:58.42,60.2 1 130
github.com/broadinstitute/terra-helmfile-images/tools/internal/render/target.go:63.37,65.2 1 60
github.com/broadinstitute/terra-helmfile-images/tools/internal/render/target.go:68.37,70.2 1 330
github.com/broadinstitute/terra-helmfile-images/tools/internal/render/target.go:73.37,75.2 1 163
github.com/broadinstitute/terra-helmfile-images/tools/internal/render/target.go:84.52,86.2 1 50
github.com/broadinstitute/terra-helmfile-images/tools/internal/render/target.go:90.64,92.2 1 48
github.com/broadinstitute/terra-helmfile-images/tools/internal/render/target.go:95.38,97.2 1 88
github.com/broadinstitute/terra-helmfile-images/tools/internal/render/target.go:100.33,102.2 1 30
github.com/broadinstitute/terra-helmfile-images/tools/internal/render/target.go:105.33,107.2 1 200
github.com/broadinstitute/terra-helmfile-images/tools/internal/render/target.go:110.33,112.2 1 104
github.com/broadinstitute/terra-helmfile-images/tools/internal/render/cmd.go:29.16,32.47 2 0
github.com/broadinstitute/terra-helmfile-images/tools/internal/render/cmd.go:32.47,35.3 2 0
github.com/broadinstitute/terra-helmfile-images/tools/internal/render/cmd.go:39.39,83.55 2 43
github.com/broadinstitute/terra-helmfile-images/tools/internal/render/cmd.go:114.2,127.21 13 43
github.com/broadinstitute/terra-helmfile-images/tools/internal/render/cmd.go:83.55,84.22 1 42
github.com/broadinstitute/terra-helmfile-images/tools/internal/render/cmd.go:88.4,88.58 1 42
github.com/broadinstitute/terra-helmfile-images/tools/internal/render/cmd.go:91.4,91.50 1 29
github.com/broadinstitute/terra-helmfile-images/tools/internal/render/cmd.go:94.4,97.18 3 26
github.com/broadinstitute/terra-helmfile-images/tools/internal/render/cmd.go:100.4,100.55 1 20
github.com/broadinstitute/terra-helmfile-images/tools/internal/render/cmd.go:103.4,103.45 1 20
github.com/broadinstitute/terra-helmfile-images/tools/internal/render/cmd.go:106.4,106.44 1 19
github.com/broadinstitute/terra-helmfile-images/tools/internal/render/cmd.go:110.4,110.14 1 16
github.com/broadinstitute/terra-helmfile-images/tools/internal/render/cmd.go:84.22,86.5 1 0
github.com/broadinstitute/terra-helmfile-images/tools/internal/render/cmd.go:88.58,90.5 1 13
github.com/broadinstitute/terra-helmfile-images/tools/internal/render/cmd.go:91.50,93.5 1 3
github.com/broadinstitute/terra-helmfile-images/tools/internal/render/cmd.go:97.18,99.5 1 6
github.com/broadinstitute/terra-helmfile-images/tools/internal/render/cmd.go:100.55,102.5 1 0
github.com/broadinstitute/terra-helmfile-images/tools/internal/render/cmd.go:103.45,105.5 1 1
github.com/broadinstitute/terra-helmfile-images/tools/internal/render/cmd.go:106.44,108.5 1 3
github.com/broadinstitute/terra-helmfile-images/tools/internal/render/cmd.go:130.13,134.2 2 1
github.com/broadinstitute/terra-helmfile-images/tools/internal/render/cmd.go:137.53,138.50 1 42
github.com/broadinstitute/terra-helmfile-images/tools/internal/render/cmd.go:142.2,142.79 1 41
github.com/broadinstitute/terra-helmfile-images/tools/internal/render/cmd.go:147.2,147.29 1 39
github.com/broadinstitute/terra-helmfile-images/tools/internal/render/cmd.go:157.2,157.60 1 37
github.com/broadinstitute/terra-helmfile-images/tools/internal/render/cmd.go:161.2,161.31 1 36
github.com/broadinstitute/terra-helmfile-images/tools/internal/render/cmd.go:170.2,170.61 1 34
github.com/broadinstitute/terra-helmfile-images/tools/internal/render/cmd.go:174.2,174.24 1 33
github.com/broadinstitute/terra-helmfile-images/tools/internal/render/cmd.go:180.2,180.12 1 29
github.com/broadinstitute/terra-helmfile-images/tools/internal/render/cmd.go:138.50,140.3 1 1
github.com/broadinstitute/terra-helmfile-images/tools/internal/render/cmd.go:142.79,145.3 1 2
github.com/broadinstitute/terra-helmfile-images/tools/internal/render/cmd.go:147.29,148.34 1 5
github.com/broadinstitute/terra-helmfile-images/tools/internal/render/cmd.go:152.3,152.30 1 4
github.com/broadinstitute/terra-helmfile-images/tools/internal/render/cmd.go:148.34,150.4 1 1
github.com/broadinstitute/terra-helmfile-images/tools/internal/render/cmd.go:152.30,154.4 1 1
github.com/broadinstitute/terra-helmfile-images/tools/internal/render/cmd.go:157.60,159.3 1 1
github.com/broadinstitute/terra-helmfile-images/tools/internal/render/cmd.go:161.31,162.30 1 5
github.com/broadinstitute/terra-helmfile-images/tools/internal/render/cmd.go:165.3,165.29 1 4
github.com/broadinstitute/terra-helmfile-images/tools/internal/render/cmd.go:162.30,164.4 1 1
github.com/broadinstitute/terra-helmfile-images/tools/internal/render/cmd.go:165.29,167.4 1 1
github.com/broadinstitute/terra-helmfile-images/tools/internal/render/cmd.go:170.61,172.3 1 1
github.com/broadinstitute/terra-helmfile-images/tools/internal/render/cmd.go:174.24,175.123 1 8
github.com/broadinstitute/terra-helmfile-images/tools/internal/render/cmd.go:175.123,177.4 1 4
github.com/broadinstitute/terra-helmfile-images/tools/internal/render/cmd.go:184.45,185.57 1 29
github.com/broadinstitute/terra-helmfile-images/tools/internal/render/cmd.go:189.2,189.29 1 29
github.com/broadinstitute/terra-helmfile-images/tools/internal/render/cmd.go:195.2,195.34 1 28
github.com/broadinstitute/terra-helmfile-images/tools/internal/render/cmd.go:201.2,201.36 1 27
github.com/broadinstitute/terra-helmfile-images/tools/internal/render/cmd.go:185.57,187.3 1 0
github.com/broadinstitute/terra-helmfile-images/tools/internal/render/cmd.go:189.29,190.52 1 2
github.com/broadinstitute/terra-helmfile-images/tools/internal/render/cmd.go:190.52,192.4 1 1
github.com/broadinstitute/terra-helmfile-images/tools/internal/render/cmd.go:195.34,196.55 1 3
github.com/broadinstitute/terra-helmfile-images/tools/internal/render/cmd.go:196.55,198.4 1 1
github.com/broadinstitute/terra-helmfile-images/tools/internal/render/cmd.go:205.44,206.19 1 26
github.com/broadinstitute/terra-helmfile-images/tools/internal/render/cmd.go:206.19,208.3 1 1
github.com/broadinstitute/terra-helmfile-images/tools/internal/render/cmd.go:208.8,208.26 1 25
github.com/broadinstitute/terra-helmfile-images/tools/internal/render/cmd.go:208.26,210.3 1 0
github.com/broadinstitute/terra-helmfile-images/tools/internal/render/cmd.go:214.37,216.2 1 465
github.com/broadinstitute/terra-helmfile-images/tools/internal/render/cmd.go:219.54,222.14 2 29
github.com/broadinstitute/terra-helmfile-images/tools/internal/render/cmd.go:225.2,226.12 2 29
github.com/broadinstitute/terra-helmfile-images/tools/internal/render/cmd.go:222.14,224.3 1 0
github.com/broadinstitute/terra-helmfile-images/tools/internal/render/cmd.go:230.48,232.16 2 2
github.com/broadinstitute/terra-helmfile-images/tools/internal/render/cmd.go:235.2,236.12 2 1
github.com/broadinstitute/terra-helmfile-images/tools/internal/render/cmd.go:232.16,234.3 1 1
github.com/broadinstitute/terra-helmfile-images/tools/internal/render/cmd.go:241.51,244.49 2 3
github.com/broadinstitute/terra-helmfile-images/tools/internal/render/cmd.go:251.2,253.12 2 2
github.com/broadinstitute/terra-helmfile-images/tools/internal/render/cmd.go:244.49,246.17 2 5
github.com/broadinstitute/terra-helmfile-images/tools/internal/render/cmd.go:249.3,249.63 1 4
github.com/broadinstitute/terra-helmfile-images/tools/internal/render/cmd.go:246.17,248.4 1 1
github.com/broadinstitute/terra-helmfile-images/tools/internal/render/cmd.go:260.49,261.20 1 27
github.com/broadinstitute/terra-helmfile-images/tools/internal/render/cmd.go:272.2,272.31 1 25
github.com/broadinstitute/terra-helmfile-images/tools/internal/render/cmd.go:278.2,279.16 2 25
github.com/broadinstitute/terra-helmfile-images/tools/internal/render/cmd.go:282.2,284.12 2 25
github.com/broadinstitute/terra-helmfile-images/tools/internal/render/cmd.go:261.20,262.31 1 2
github.com/broadinstitute/terra-helmfile-images/tools/internal/render/cmd.go:267.3,267.13 1 1
github.com/broadinstitute/terra-helmfile-images/tools/internal/render/cmd.go:262.31,264.4 1 1
github.com/broadinstitute/terra-helmfile-images/tools/internal/render/cmd.go:272.31,275.3 2 24
github.com/broadinstitute/terra-helmfile-images/tools/internal/render/cmd.go:279.16,281.3 1 0
github.com/broadinstitute/terra-helmfile-images/tools/internal/render/cmd.go:290.82,292.16 2 7
github.com/broadinstitute/terra-helmfile-images/tools/internal/render/cmd.go:296.2,296.53 1 7
github.com/broadinstitute/terra-helmfile-images/tools/internal/render/cmd.go:302.2,302.23 1 5
github.com/broadinstitute/terra-helmfile-images/tools/internal/render/cmd.go:292.16,294.3 1 0
github.com/broadinstitute/terra-helmfile-images/tools/internal/render/cmd.go:296.53,298.3 1 2
github.com/broadinstitute/terra-helmfile-images/tools/internal/render/cmd.go:298.8,298.23 1 5
github.com/broadinstitute/terra-helmfile-images/tools/internal/render/cmd.go:298.23,300.3 1 0
github.com/broadinstitute/terra-helmfile-images/tools/internal/flock/flock.go:27.34,29.2 1 2
github.com/broadinstitute/terra-helmfile-images/tools/internal/flock/flock.go:32.69,37.2 1 1
github.com/broadinstitute/terra-helmfile-images/tools/internal/flock/flock.go:42.59,51.27 6 28
github.com/broadinstitute/terra-helmfile-images/tools/internal/flock/flock.go:54.2,57.15 2 27
github.com/broadinstitute/terra-helmfile-images/tools/internal/flock/flock.go:64.2,64.17 1 27
github.com/broadinstitute/terra-helmfile-images/tools/internal/flock/flock.go:51.27,53.3 1 1
github.com/broadinstitute/terra-helmfile-images/tools/internal/flock/flock.go:57.15,58.39 1 27
github.com/broadinstitute/terra-helmfile-images/tools/internal/flock/flock.go:58.39,60.4 1 0
